  [1m[35m (0.3ms)[0m  [1m[34mSELECT sqlite_version(*)[0m
  ↳ bin/rails:9
  [1m[35m (1.9ms)[0m  [1m[35mCREATE TABLE "schema_migrations" ("version" varchar NOT NULL PRIMARY KEY)[0m
  ↳ bin/rails:9
  [1m[35m (1.8ms)[0m  [1m[35mCREATE TABLE "ar_internal_metadata" ("key" varchar NOT NULL PRIMARY KEY, "value" varchar, "created_at" datetime NOT NULL, "updated_at" datetime NOT NULL)[0m
  ↳ bin/rails:9
  [1m[35m (0.2ms)[0m  [1m[34mSELECT "schema_migrations"."version" FROM "schema_migrations" ORDER BY "schema_migrations"."version" ASC[0m
  ↳ bin/rails:9
Migrating to CreatePosts (20191231074246)
  [1m[35m (0.1ms)[0m  [1m[36mbegin transaction[0m
  ↳ bin/rails:9
  [1m[35m (0.4ms)[0m  [1m[35mCREATE TABLE "posts" ("id" integer PRIMARY KEY AUTOINCREMENT NOT NULL, "content" text, "created_at" datetime NOT NULL, "updated_at" datetime NOT NULL)[0m
  ↳ db/migrate/20191231074246_create_posts.rb:3
  [1m[36mActiveRecord::SchemaMigration Create (0.3ms)[0m  [1m[32mINSERT INTO "schema_migrations" ("version") VALUES (?)[0m  [["version", "20191231074246"]]
  ↳ bin/rails:9
  [1m[35m (3.4ms)[0m  [1m[36mcommit transaction[0m
  ↳ bin/rails:9
  [1m[36mActiveRecord::InternalMetadata Load (0.2ms)[0m  [1m[34mSELECT  "ar_internal_metadata".* FROM "ar_internal_metadata" WHERE "ar_internal_metadata"."key" = ? LIMIT ?[0m  [["key", "environment"], ["LIMIT", 1]]
  ↳ bin/rails:9
  [1m[35m (0.0ms)[0m  [1m[36mbegin transaction[0m
  ↳ bin/rails:9
  [1m[36mActiveRecord::InternalMetadata Create (0.4ms)[0m  [1m[32mINSERT INTO "ar_internal_metadata" ("key", "value", "created_at", "updated_at") VALUES (?, ?, ?, ?)[0m  [["key", "environment"], ["value", "development"], ["created_at", "2019-12-31 08:57:33.283458"], ["updated_at", "2019-12-31 08:57:33.283458"]]
  ↳ bin/rails:9
  [1m[35m (1.2ms)[0m  [1m[36mcommit transaction[0m
  ↳ bin/rails:9
  [1m[35m (0.1ms)[0m  [1m[34mSELECT "schema_migrations"."version" FROM "schema_migrations" ORDER BY "schema_migrations"."version" ASC[0m
  ↳ bin/rails:9
Started GET "/" for ::1 at 2020-01-05 09:24:01 +0900
  [1m[35m (0.2ms)[0m  [1m[34mSELECT "schema_migrations"."version" FROM "schema_migrations" ORDER BY "schema_migrations"."version" ASC[0m
  ↳ vendor/bundle/gems/activerecord-5.2.4.1/lib/active_record/log_subscriber.rb:98
Processing by Rails::WelcomeController#index as HTML
  Rendering vendor/bundle/gems/railties-5.2.4.1/lib/rails/templates/rails/welcome/index.html.erb
  Rendered vendor/bundle/gems/railties-5.2.4.1/lib/rails/templates/rails/welcome/index.html.erb (4.9ms)
Completed 200 OK in 49ms (Views: 25.3ms | ActiveRecord: 0.0ms)


Started GET "/home/top" for ::1 at 2020-01-05 09:40:34 +0900
Processing by HomeController#top as HTML
  Rendering home/top.html.erb within layouts/application
  Rendered home/top.html.erb within layouts/application (1.3ms)
Completed 200 OK in 644ms (Views: 639.5ms | ActiveRecord: 0.0ms)


  [1m[35m (0.4ms)[0m  [1m[34mSELECT "schema_migrations"."version" FROM "schema_migrations" ORDER BY "schema_migrations"."version" ASC[0m
  ↳ bin/rails:9
  [1m[36mActiveRecord::InternalMetadata Load (0.7ms)[0m  [1m[34mSELECT  "ar_internal_metadata".* FROM "ar_internal_metadata" WHERE "ar_internal_metadata"."key" = ? LIMIT ?[0m  [["key", "environment"], ["LIMIT", 1]]
  ↳ bin/rails:9
  [1m[35m (0.1ms)[0m  [1m[36mbegin transaction[0m
  ↳ bin/rails:9
  [1m[35m (0.0ms)[0m  [1m[36mcommit transaction[0m
  ↳ bin/rails:9
  [1m[35m (0.1ms)[0m  [1m[34mSELECT "schema_migrations"."version" FROM "schema_migrations" ORDER BY "schema_migrations"."version" ASC[0m
  ↳ bin/rails:9
  [1m[35m (0.1ms)[0m  [1m[36mbegin transaction[0m
  [1m[36mPost Create (2.4ms)[0m  [1m[32mINSERT INTO "posts" ("content", "created_at", "updated_at") VALUES (?, ?, ?)[0m  [["content", "Hello World"], ["created_at", "2020-01-05 02:39:24.161959"], ["updated_at", "2020-01-05 02:39:24.161959"]]
  [1m[35m (1.5ms)[0m  [1m[36mcommit transaction[0m
Started GET "/" for ::1 at 2020-01-11 16:30:00 +0900
  [1m[35m (0.2ms)[0m  [1m[34mSELECT "schema_migrations"."version" FROM "schema_migrations" ORDER BY "schema_migrations"."version" ASC[0m
  ↳ vendor/bundle/gems/activerecord-5.2.4.1/lib/active_record/log_subscriber.rb:98
  
SyntaxError (/Users/numatanumata330/tweet_app/app/controllers/home_controller.rb:8: syntax error, unexpected keyword_end, expecting end-of-input):
  
app/controllers/home_controller.rb:8: syntax error, unexpected keyword_end, expecting end-of-input
Started GET "/" for ::1 at 2020-01-11 16:30:28 +0900
Processing by HomeController#top as HTML
  Rendering home/top.html.erb within layouts/application
  Rendered home/top.html.erb within layouts/application (0.4ms)
Completed 200 OK in 1035ms (Views: 1031.7ms | ActiveRecord: 0.0ms)


Started GET "/top.jpg" for ::1 at 2020-01-11 16:30:29 +0900
  
ActionController::RoutingError (No route matches [GET] "/top.jpg"):
  
vendor/bundle/gems/actionpack-5.2.4.1/lib/action_dispatch/middleware/debug_exceptions.rb:65:in `call'
vendor/bundle/gems/web-console-3.7.0/lib/web_console/middleware.rb:135:in `call_app'
vendor/bundle/gems/web-console-3.7.0/lib/web_console/middleware.rb:30:in `block in call'
vendor/bundle/gems/web-console-3.7.0/lib/web_console/middleware.rb:20:in `catch'
vendor/bundle/gems/web-console-3.7.0/lib/web_console/middleware.rb:20:in `call'
vendor/bundle/gems/actionpack-5.2.4.1/lib/action_dispatch/middleware/show_exceptions.rb:33:in `call'
vendor/bundle/gems/railties-5.2.4.1/lib/rails/rack/logger.rb:38:in `call_app'
vendor/bundle/gems/railties-5.2.4.1/lib/rails/rack/logger.rb:26:in `block in call'
vendor/bundle/gems/activesupport-5.2.4.1/lib/active_support/tagged_logging.rb:71:in `block in tagged'
vendor/bundle/gems/activesupport-5.2.4.1/lib/active_support/tagged_logging.rb:28:in `tagged'
vendor/bundle/gems/activesupport-5.2.4.1/lib/active_support/tagged_logging.rb:71:in `tagged'
vendor/bundle/gems/railties-5.2.4.1/lib/rails/rack/logger.rb:26:in `call'
vendor/bundle/gems/sprockets-rails-3.2.1/lib/sprockets/rails/quiet_assets.rb:13:in `call'
vendor/bundle/gems/actionpack-5.2.4.1/lib/action_dispatch/middleware/remote_ip.rb:81:in `call'
vendor/bundle/gems/actionpack-5.2.4.1/lib/action_dispatch/middleware/request_id.rb:27:in `call'
vendor/bundle/gems/rack-2.0.8/lib/rack/method_override.rb:22:in `call'
vendor/bundle/gems/rack-2.0.8/lib/rack/runtime.rb:22:in `call'
vendor/bundle/gems/activesupport-5.2.4.1/lib/active_support/cache/strategy/local_cache_middleware.rb:29:in `call'
vendor/bundle/gems/actionpack-5.2.4.1/lib/action_dispatch/middleware/executor.rb:14:in `call'
vendor/bundle/gems/actionpack-5.2.4.1/lib/action_dispatch/middleware/static.rb:127:in `call'
vendor/bundle/gems/rack-2.0.8/lib/rack/sendfile.rb:111:in `call'
vendor/bundle/gems/railties-5.2.4.1/lib/rails/engine.rb:524:in `call'
vendor/bundle/gems/puma-3.12.2/lib/puma/configuration.rb:227:in `call'
vendor/bundle/gems/puma-3.12.2/lib/puma/server.rb:674:in `handle_request'
vendor/bundle/gems/puma-3.12.2/lib/puma/server.rb:476:in `process_client'
vendor/bundle/gems/puma-3.12.2/lib/puma/server.rb:334:in `block in run'
vendor/bundle/gems/puma-3.12.2/lib/puma/thread_pool.rb:135:in `block in spawn_thread'
Started GET "/" for ::1 at 2020-01-11 16:30:37 +0900
Processing by HomeController#top as HTML
  Rendering home/top.html.erb within layouts/application
  Rendered home/top.html.erb within layouts/application (1.0ms)
Completed 200 OK in 61ms (Views: 53.9ms | ActiveRecord: 0.0ms)


Started GET "/about" for ::1 at 2020-01-11 16:30:39 +0900
Processing by HomeController#about as HTML
  Rendering home/about.html.erb within layouts/application
  Rendered home/about.html.erb within layouts/application (1.0ms)
Completed 200 OK in 60ms (Views: 47.2ms | ActiveRecord: 0.0ms)


Started GET "/tweets.png" for ::1 at 2020-01-11 16:30:39 +0900
  
ActionController::RoutingError (No route matches [GET] "/tweets.png"):
  
vendor/bundle/gems/actionpack-5.2.4.1/lib/action_dispatch/middleware/debug_exceptions.rb:65:in `call'
vendor/bundle/gems/web-console-3.7.0/lib/web_console/middleware.rb:135:in `call_app'
vendor/bundle/gems/web-console-3.7.0/lib/web_console/middleware.rb:30:in `block in call'
vendor/bundle/gems/web-console-3.7.0/lib/web_console/middleware.rb:20:in `catch'
vendor/bundle/gems/web-console-3.7.0/lib/web_console/middleware.rb:20:in `call'
vendor/bundle/gems/actionpack-5.2.4.1/lib/action_dispatch/middleware/show_exceptions.rb:33:in `call'
vendor/bundle/gems/railties-5.2.4.1/lib/rails/rack/logger.rb:38:in `call_app'
vendor/bundle/gems/railties-5.2.4.1/lib/rails/rack/logger.rb:26:in `block in call'
vendor/bundle/gems/activesupport-5.2.4.1/lib/active_support/tagged_logging.rb:71:in `block in tagged'
vendor/bundle/gems/activesupport-5.2.4.1/lib/active_support/tagged_logging.rb:28:in `tagged'
vendor/bundle/gems/activesupport-5.2.4.1/lib/active_support/tagged_logging.rb:71:in `tagged'
vendor/bundle/gems/railties-5.2.4.1/lib/rails/rack/logger.rb:26:in `call'
vendor/bundle/gems/sprockets-rails-3.2.1/lib/sprockets/rails/quiet_assets.rb:13:in `call'
vendor/bundle/gems/actionpack-5.2.4.1/lib/action_dispatch/middleware/remote_ip.rb:81:in `call'
vendor/bundle/gems/actionpack-5.2.4.1/lib/action_dispatch/middleware/request_id.rb:27:in `call'
vendor/bundle/gems/rack-2.0.8/lib/rack/method_override.rb:22:in `call'
vendor/bundle/gems/rack-2.0.8/lib/rack/runtime.rb:22:in `call'
vendor/bundle/gems/activesupport-5.2.4.1/lib/active_support/cache/strategy/local_cache_middleware.rb:29:in `call'
vendor/bundle/gems/actionpack-5.2.4.1/lib/action_dispatch/middleware/executor.rb:14:in `call'
vendor/bundle/gems/actionpack-5.2.4.1/lib/action_dispatch/middleware/static.rb:127:in `call'
vendor/bundle/gems/rack-2.0.8/lib/rack/sendfile.rb:111:in `call'
vendor/bundle/gems/railties-5.2.4.1/lib/rails/engine.rb:524:in `call'
vendor/bundle/gems/puma-3.12.2/lib/puma/configuration.rb:227:in `call'
vendor/bundle/gems/puma-3.12.2/lib/puma/server.rb:674:in `handle_request'
vendor/bundle/gems/puma-3.12.2/lib/puma/server.rb:476:in `process_client'
vendor/bundle/gems/puma-3.12.2/lib/puma/server.rb:334:in `block in run'
vendor/bundle/gems/puma-3.12.2/lib/puma/thread_pool.rb:135:in `block in spawn_thread'
Started GET "/posts/index" for ::1 at 2020-01-11 16:30:40 +0900
Processing by PostsController#index as HTML
  Rendering posts/index.html.erb within layouts/application
  [1m[36mPost Load (1.3ms)[0m  [1m[34mSELECT "posts".* FROM "posts" ORDER BY "posts"."created_at" DESC[0m
  ↳ app/views/posts/index.html.erb:3
  Rendered posts/index.html.erb within layouts/application (11.1ms)
Completed 200 OK in 88ms (Views: 61.4ms | ActiveRecord: 2.7ms)


Started GET "/tweets.png" for ::1 at 2020-01-11 16:30:40 +0900
  
ActionController::RoutingError (No route matches [GET] "/tweets.png"):
  
vendor/bundle/gems/actionpack-5.2.4.1/lib/action_dispatch/middleware/debug_exceptions.rb:65:in `call'
vendor/bundle/gems/web-console-3.7.0/lib/web_console/middleware.rb:135:in `call_app'
vendor/bundle/gems/web-console-3.7.0/lib/web_console/middleware.rb:30:in `block in call'
vendor/bundle/gems/web-console-3.7.0/lib/web_console/middleware.rb:20:in `catch'
vendor/bundle/gems/web-console-3.7.0/lib/web_console/middleware.rb:20:in `call'
vendor/bundle/gems/actionpack-5.2.4.1/lib/action_dispatch/middleware/show_exceptions.rb:33:in `call'
vendor/bundle/gems/railties-5.2.4.1/lib/rails/rack/logger.rb:38:in `call_app'
vendor/bundle/gems/railties-5.2.4.1/lib/rails/rack/logger.rb:26:in `block in call'
vendor/bundle/gems/activesupport-5.2.4.1/lib/active_support/tagged_logging.rb:71:in `block in tagged'
vendor/bundle/gems/activesupport-5.2.4.1/lib/active_support/tagged_logging.rb:28:in `tagged'
vendor/bundle/gems/activesupport-5.2.4.1/lib/active_support/tagged_logging.rb:71:in `tagged'
vendor/bundle/gems/railties-5.2.4.1/lib/rails/rack/logger.rb:26:in `call'
vendor/bundle/gems/sprockets-rails-3.2.1/lib/sprockets/rails/quiet_assets.rb:13:in `call'
vendor/bundle/gems/actionpack-5.2.4.1/lib/action_dispatch/middleware/remote_ip.rb:81:in `call'
vendor/bundle/gems/actionpack-5.2.4.1/lib/action_dispatch/middleware/request_id.rb:27:in `call'
vendor/bundle/gems/rack-2.0.8/lib/rack/method_override.rb:22:in `call'
vendor/bundle/gems/rack-2.0.8/lib/rack/runtime.rb:22:in `call'
vendor/bundle/gems/activesupport-5.2.4.1/lib/active_support/cache/strategy/local_cache_middleware.rb:29:in `call'
vendor/bundle/gems/actionpack-5.2.4.1/lib/action_dispatch/middleware/executor.rb:14:in `call'
vendor/bundle/gems/actionpack-5.2.4.1/lib/action_dispatch/middleware/static.rb:127:in `call'
vendor/bundle/gems/rack-2.0.8/lib/rack/sendfile.rb:111:in `call'
vendor/bundle/gems/railties-5.2.4.1/lib/rails/engine.rb:524:in `call'
vendor/bundle/gems/puma-3.12.2/lib/puma/configuration.rb:227:in `call'
vendor/bundle/gems/puma-3.12.2/lib/puma/server.rb:674:in `handle_request'
vendor/bundle/gems/puma-3.12.2/lib/puma/server.rb:476:in `process_client'
vendor/bundle/gems/puma-3.12.2/lib/puma/server.rb:334:in `block in run'
vendor/bundle/gems/puma-3.12.2/lib/puma/thread_pool.rb:135:in `block in spawn_thread'
Started GET "/posts/new" for ::1 at 2020-01-11 16:30:41 +0900
Processing by PostsController#new as HTML
  Rendering posts/new.html.erb within layouts/application
  Rendered posts/new.html.erb within layouts/application (1.0ms)
Completed 200 OK in 68ms (Views: 63.5ms | ActiveRecord: 0.0ms)


Started GET "/posts/index" for ::1 at 2020-01-11 16:30:42 +0900
Processing by PostsController#index as HTML
  Rendering posts/index.html.erb within layouts/application
  [1m[36mPost Load (0.3ms)[0m  [1m[34mSELECT "posts".* FROM "posts" ORDER BY "posts"."created_at" DESC[0m
  ↳ app/views/posts/index.html.erb:3
  Rendered posts/index.html.erb within layouts/application (2.0ms)
Completed 200 OK in 86ms (Views: 73.7ms | ActiveRecord: 0.3ms)


Started GET "/posts/1" for ::1 at 2020-01-11 16:30:44 +0900
Processing by PostsController#show as HTML
  Parameters: {"id"=>"1"}
  [1m[36mPost Load (0.4ms)[0m  [1m[34mSELECT  "posts".* FROM "posts" WHERE "posts"."id" = ? LIMIT ?[0m  [["id", 1], ["LIMIT", 1]]
  ↳ app/controllers/posts_controller.rb:7
  Rendering posts/show.html.erb within layouts/application
  Rendered posts/show.html.erb within layouts/application (1.0ms)
Completed 200 OK in 82ms (Views: 63.3ms | ActiveRecord: 0.4ms)


Started GET "/posts/1/edit" for ::1 at 2020-01-11 16:30:45 +0900
Processing by PostsController#edit as HTML
  Parameters: {"id"=>"1"}
  [1m[36mPost Load (0.3ms)[0m  [1m[34mSELECT  "posts".* FROM "posts" WHERE "posts"."id" = ? LIMIT ?[0m  [["id", 1], ["LIMIT", 1]]
  ↳ app/controllers/posts_controller.rb:26
  Rendering posts/edit.html.erb within layouts/application
  Rendered posts/edit.html.erb within layouts/application (1.6ms)
Completed 200 OK in 72ms (Views: 60.7ms | ActiveRecord: 0.3ms)


Started POST "/posts/1/update" for ::1 at 2020-01-11 16:30:48 +0900
Processing by PostsController#update as HTML
  Parameters: {"utf8"=>"✓", "authenticity_token"=>"4qNePY/mFJx6jEGlzHkwGIcsUl4+9zn9eOOVU6wtOPH3nvHmFHetbFC2gMzr1UnVUP26I986WKa9mXN17h7fEQ==", "content"=>"Hello Worl", "id"=>"1"}
  [1m[36mPost Load (0.1ms)[0m  [1m[34mSELECT  "posts".* FROM "posts" WHERE "posts"."id" = ? LIMIT ?[0m  [["id", 1], ["LIMIT", 1]]
  ↳ app/controllers/posts_controller.rb:30
  [1m[35m (0.1ms)[0m  [1m[36mbegin transaction[0m
  ↳ app/controllers/posts_controller.rb:32
  [1m[36mPost Update (1.6ms)[0m  [1m[33mUPDATE "posts" SET "content" = ?, "updated_at" = ? WHERE "posts"."id" = ?[0m  [["content", "Hello Worl"], ["updated_at", "2020-01-11 07:30:48.632686"], ["id", 1]]
  ↳ app/controllers/posts_controller.rb:32
  [1m[35m (3.6ms)[0m  [1m[36mcommit transaction[0m
  ↳ app/controllers/posts_controller.rb:32
Redirected to http://localhost:3000/posts/index
Completed 302 Found in 11ms (ActiveRecord: 5.4ms)


Started GET "/posts/index" for ::1 at 2020-01-11 16:30:48 +0900
Processing by PostsController#index as HTML
  Rendering posts/index.html.erb within layouts/application
  [1m[36mPost Load (0.2ms)[0m  [1m[34mSELECT "posts".* FROM "posts" ORDER BY "posts"."created_at" DESC[0m
  ↳ app/views/posts/index.html.erb:3
  Rendered posts/index.html.erb within layouts/application (1.4ms)
Completed 200 OK in 69ms (Views: 64.4ms | ActiveRecord: 0.2ms)


Started GET "/posts/1" for ::1 at 2020-01-11 16:30:50 +0900
Processing by PostsController#show as HTML
  Parameters: {"id"=>"1"}
  [1m[36mPost Load (0.2ms)[0m  [1m[34mSELECT  "posts".* FROM "posts" WHERE "posts"."id" = ? LIMIT ?[0m  [["id", 1], ["LIMIT", 1]]
  ↳ app/controllers/posts_controller.rb:7
  Rendering posts/show.html.erb within layouts/application
  Rendered posts/show.html.erb within layouts/application (2.4ms)
Completed 200 OK in 74ms (Views: 66.8ms | ActiveRecord: 0.2ms)


Started GET "/posts/1/edit" for ::1 at 2020-01-11 16:30:52 +0900
Processing by PostsController#edit as HTML
  Parameters: {"id"=>"1"}
  [1m[36mPost Load (0.2ms)[0m  [1m[34mSELECT  "posts".* FROM "posts" WHERE "posts"."id" = ? LIMIT ?[0m  [["id", 1], ["LIMIT", 1]]
  ↳ app/controllers/posts_controller.rb:26
  Rendering posts/edit.html.erb within layouts/application
  Rendered posts/edit.html.erb within layouts/application (1.2ms)
Completed 200 OK in 69ms (Views: 58.3ms | ActiveRecord: 0.2ms)


Started POST "/posts/1/update" for ::1 at 2020-01-11 16:30:54 +0900
Processing by PostsController#update as HTML
  Parameters: {"utf8"=>"✓", "authenticity_token"=>"mbdnJl9YhYi/OARccilA7YzIReq5DI+FGxAqAI6ipx6Misj9xMk8eJUCxTVVhTkgWxmtl1jB7t7easwmzJFA/g==", "content"=>"Hello World", "id"=>"1"}
  [1m[36mPost Load (0.2ms)[0m  [1m[34mSELECT  "posts".* FROM "posts" WHERE "posts"."id" = ? LIMIT ?[0m  [["id", 1], ["LIMIT", 1]]
  ↳ app/controllers/posts_controller.rb:30
  [1m[35m (0.1ms)[0m  [1m[36mbegin transaction[0m
  ↳ app/controllers/posts_controller.rb:32
  [1m[36mPost Update (0.4ms)[0m  [1m[33mUPDATE "posts" SET "content" = ?, "updated_at" = ? WHERE "posts"."id" = ?[0m  [["content", "Hello World"], ["updated_at", "2020-01-11 07:30:54.053301"], ["id", 1]]
  ↳ app/controllers/posts_controller.rb:32
  [1m[35m (2.1ms)[0m  [1m[36mcommit transaction[0m
  ↳ app/controllers/posts_controller.rb:32
Redirected to http://localhost:3000/posts/index
Completed 302 Found in 9ms (ActiveRecord: 2.8ms)


Started GET "/posts/index" for ::1 at 2020-01-11 16:30:54 +0900
Processing by PostsController#index as HTML
  Rendering posts/index.html.erb within layouts/application
  [1m[36mPost Load (0.2ms)[0m  [1m[34mSELECT "posts".* FROM "posts" ORDER BY "posts"."created_at" DESC[0m
  ↳ app/views/posts/index.html.erb:3
  Rendered posts/index.html.erb within layouts/application (1.5ms)
Completed 200 OK in 82ms (Views: 76.2ms | ActiveRecord: 0.2ms)


Started GET "/" for ::1 at 2020-01-11 16:30:56 +0900
Processing by HomeController#top as HTML
  Rendering home/top.html.erb within layouts/application
  Rendered home/top.html.erb within layouts/application (0.5ms)
Completed 200 OK in 66ms (Views: 56.9ms | ActiveRecord: 0.0ms)


Started GET "/top.jpg" for ::1 at 2020-01-11 16:30:56 +0900
  
ActionController::RoutingError (No route matches [GET] "/top.jpg"):
  
vendor/bundle/gems/actionpack-5.2.4.1/lib/action_dispatch/middleware/debug_exceptions.rb:65:in `call'
vendor/bundle/gems/web-console-3.7.0/lib/web_console/middleware.rb:135:in `call_app'
vendor/bundle/gems/web-console-3.7.0/lib/web_console/middleware.rb:30:in `block in call'
vendor/bundle/gems/web-console-3.7.0/lib/web_console/middleware.rb:20:in `catch'
vendor/bundle/gems/web-console-3.7.0/lib/web_console/middleware.rb:20:in `call'
vendor/bundle/gems/actionpack-5.2.4.1/lib/action_dispatch/middleware/show_exceptions.rb:33:in `call'
vendor/bundle/gems/railties-5.2.4.1/lib/rails/rack/logger.rb:38:in `call_app'
vendor/bundle/gems/railties-5.2.4.1/lib/rails/rack/logger.rb:26:in `block in call'
vendor/bundle/gems/activesupport-5.2.4.1/lib/active_support/tagged_logging.rb:71:in `block in tagged'
vendor/bundle/gems/activesupport-5.2.4.1/lib/active_support/tagged_logging.rb:28:in `tagged'
vendor/bundle/gems/activesupport-5.2.4.1/lib/active_support/tagged_logging.rb:71:in `tagged'
vendor/bundle/gems/railties-5.2.4.1/lib/rails/rack/logger.rb:26:in `call'
vendor/bundle/gems/sprockets-rails-3.2.1/lib/sprockets/rails/quiet_assets.rb:13:in `call'
vendor/bundle/gems/actionpack-5.2.4.1/lib/action_dispatch/middleware/remote_ip.rb:81:in `call'
vendor/bundle/gems/actionpack-5.2.4.1/lib/action_dispatch/middleware/request_id.rb:27:in `call'
vendor/bundle/gems/rack-2.0.8/lib/rack/method_override.rb:22:in `call'
vendor/bundle/gems/rack-2.0.8/lib/rack/runtime.rb:22:in `call'
vendor/bundle/gems/activesupport-5.2.4.1/lib/active_support/cache/strategy/local_cache_middleware.rb:29:in `call'
vendor/bundle/gems/actionpack-5.2.4.1/lib/action_dispatch/middleware/executor.rb:14:in `call'
vendor/bundle/gems/actionpack-5.2.4.1/lib/action_dispatch/middleware/static.rb:127:in `call'
vendor/bundle/gems/rack-2.0.8/lib/rack/sendfile.rb:111:in `call'
vendor/bundle/gems/railties-5.2.4.1/lib/rails/engine.rb:524:in `call'
vendor/bundle/gems/puma-3.12.2/lib/puma/configuration.rb:227:in `call'
vendor/bundle/gems/puma-3.12.2/lib/puma/server.rb:674:in `handle_request'
vendor/bundle/gems/puma-3.12.2/lib/puma/server.rb:476:in `process_client'
vendor/bundle/gems/puma-3.12.2/lib/puma/server.rb:334:in `block in run'
vendor/bundle/gems/puma-3.12.2/lib/puma/thread_pool.rb:135:in `block in spawn_thread'
  [1m[35m (0.2ms)[0m  [1m[34mSELECT "schema_migrations"."version" FROM "schema_migrations" ORDER BY "schema_migrations"."version" ASC[0m
  ↳ bin/rails:9
  [1m[36mActiveRecord::InternalMetadata Load (0.2ms)[0m  [1m[34mSELECT  "ar_internal_metadata".* FROM "ar_internal_metadata" WHERE "ar_internal_metadata"."key" = ? LIMIT ?[0m  [["key", "environment"], ["LIMIT", 1]]
  ↳ bin/rails:9
  [1m[35m (0.1ms)[0m  [1m[36mbegin transaction[0m
  ↳ bin/rails:9
  [1m[35m (0.0ms)[0m  [1m[36mcommit transaction[0m
  ↳ bin/rails:9
  [1m[35m (0.1ms)[0m  [1m[34mSELECT "schema_migrations"."version" FROM "schema_migrations" ORDER BY "schema_migrations"."version" ASC[0m
  ↳ bin/rails:9
Started GET "/" for ::1 at 2020-01-12 16:21:40 +0900
  [1m[35m (1.8ms)[0m  [1m[34mSELECT "schema_migrations"."version" FROM "schema_migrations" ORDER BY "schema_migrations"."version" ASC[0m
  ↳ vendor/bundle/gems/activerecord-5.2.4.1/lib/active_record/log_subscriber.rb:98
Processing by HomeController#top as HTML
  Rendering home/top.html.erb within layouts/application
  Rendered home/top.html.erb within layouts/application (9.9ms)
Completed 200 OK in 587ms (Views: 559.2ms | ActiveRecord: 0.0ms)


Started GET "/" for ::1 at 2020-01-12 16:21:41 +0900
Processing by HomeController#top as HTML
  Rendering home/top.html.erb within layouts/application
  Rendered home/top.html.erb within layouts/application (1.0ms)
Completed 200 OK in 174ms (Views: 161.1ms | ActiveRecord: 0.0ms)


Started GET "/top.jpg" for ::1 at 2020-01-12 16:21:42 +0900
  
ActionController::RoutingError (No route matches [GET] "/top.jpg"):
  
vendor/bundle/gems/actionpack-5.2.4.1/lib/action_dispatch/middleware/debug_exceptions.rb:65:in `call'
vendor/bundle/gems/web-console-3.7.0/lib/web_console/middleware.rb:135:in `call_app'
vendor/bundle/gems/web-console-3.7.0/lib/web_console/middleware.rb:30:in `block in call'
vendor/bundle/gems/web-console-3.7.0/lib/web_console/middleware.rb:20:in `catch'
vendor/bundle/gems/web-console-3.7.0/lib/web_console/middleware.rb:20:in `call'
vendor/bundle/gems/actionpack-5.2.4.1/lib/action_dispatch/middleware/show_exceptions.rb:33:in `call'
vendor/bundle/gems/railties-5.2.4.1/lib/rails/rack/logger.rb:38:in `call_app'
vendor/bundle/gems/railties-5.2.4.1/lib/rails/rack/logger.rb:26:in `block in call'
vendor/bundle/gems/activesupport-5.2.4.1/lib/active_support/tagged_logging.rb:71:in `block in tagged'
vendor/bundle/gems/activesupport-5.2.4.1/lib/active_support/tagged_logging.rb:28:in `tagged'
vendor/bundle/gems/activesupport-5.2.4.1/lib/active_support/tagged_logging.rb:71:in `tagged'
vendor/bundle/gems/railties-5.2.4.1/lib/rails/rack/logger.rb:26:in `call'
vendor/bundle/gems/sprockets-rails-3.2.1/lib/sprockets/rails/quiet_assets.rb:13:in `call'
vendor/bundle/gems/actionpack-5.2.4.1/lib/action_dispatch/middleware/remote_ip.rb:81:in `call'
vendor/bundle/gems/actionpack-5.2.4.1/lib/action_dispatch/middleware/request_id.rb:27:in `call'
vendor/bundle/gems/rack-2.0.8/lib/rack/method_override.rb:22:in `call'
vendor/bundle/gems/rack-2.0.8/lib/rack/runtime.rb:22:in `call'
vendor/bundle/gems/activesupport-5.2.4.1/lib/active_support/cache/strategy/local_cache_middleware.rb:29:in `call'
vendor/bundle/gems/actionpack-5.2.4.1/lib/action_dispatch/middleware/executor.rb:14:in `call'
vendor/bundle/gems/actionpack-5.2.4.1/lib/action_dispatch/middleware/static.rb:127:in `call'
vendor/bundle/gems/rack-2.0.8/lib/rack/sendfile.rb:111:in `call'
vendor/bundle/gems/railties-5.2.4.1/lib/rails/engine.rb:524:in `call'
vendor/bundle/gems/puma-3.12.2/lib/puma/configuration.rb:227:in `call'
vendor/bundle/gems/puma-3.12.2/lib/puma/server.rb:674:in `handle_request'
vendor/bundle/gems/puma-3.12.2/lib/puma/server.rb:476:in `process_client'
vendor/bundle/gems/puma-3.12.2/lib/puma/server.rb:334:in `block in run'
vendor/bundle/gems/puma-3.12.2/lib/puma/thread_pool.rb:135:in `block in spawn_thread'
